<?xml version="1.0" encoding="UTF-8"?>
<testsuites>
  <testsuite name="TasksControllerTest" file="/home/cristian/Laravel/todosBackend/tests/TaskControllerTest.php" tests="3" assertions="4" failures="1" errors="0" time="1.523313">
    <testcase name="testAuthorizedIndex" class="TasksControllerTest" file="/home/cristian/Laravel/todosBackend/tests/TaskControllerTest.php" line="15" assertions="1" time="0.595952"/>
    <testcase name="testNotAuthorizedIndex" class="TasksControllerTest" file="/home/cristian/Laravel/todosBackend/tests/TaskControllerTest.php" line="29" assertions="1" time="0.471833">
      <failure type="PHPUnit_Framework_ExpectationFailedException">TasksControllerTest::testNotAuthorizedIndex
Expected status code 403, got 500.
Failed asserting that 500 matches expected 403.

/home/cristian/Laravel/todosBackend/vendor/laravel/framework/src/Illuminate/Foundation/Testing/Concerns/MakesHttpRequests.php:745
/home/cristian/Laravel/todosBackend/tests/TaskControllerTest.php:36
/home/cristian/.config/composer/vendor/phpunit/phpunit/src/TextUI/Command.php:185
/home/cristian/.config/composer/vendor/phpunit/phpunit/src/TextUI/Command.php:115
</failure>
    </testcase>
    <testcase name="testIndex" class="TasksControllerTest" file="/home/cristian/Laravel/todosBackend/tests/TaskControllerTest.php" line="51" assertions="2" time="0.455528"/>
  </testsuite>
</testsuites>
