<?xml version="1.0" encoding="UTF-8"?>
<testsuites>
  <testsuite name="Application Test Suite" tests="40" assertions="66" failures="0" errors="11" time="14.039355">
    <testsuite name="AcachaAdminLTELaravelTest" file="/home/cristian/Laravel/todosBackend/tests/AcachaAdminLTELaravelTest.php" tests="15" assertions="60" failures="0" errors="0" time="6.480343">
      <testcase name="testLandingPage" class="AcachaAdminLTELaravelTest" file="/home/cristian/Laravel/todosBackend/tests/AcachaAdminLTELaravelTest.php" line="43" assertions="4" time="0.466584"/>
      <testcase name="testLandingPageWithUserLogged" class="AcachaAdminLTELaravelTest" file="/home/cristian/Laravel/todosBackend/tests/AcachaAdminLTELaravelTest.php" line="56" assertions="5" time="0.431863"/>
      <testcase name="testLoginPage" class="AcachaAdminLTELaravelTest" file="/home/cristian/Laravel/todosBackend/tests/AcachaAdminLTELaravelTest.php" line="73" assertions="2" time="0.309723"/>
      <testcase name="testLogin" class="AcachaAdminLTELaravelTest" file="/home/cristian/Laravel/todosBackend/tests/AcachaAdminLTELaravelTest.php" line="84" assertions="6" time="0.737074"/>
      <testcase name="testLoginRequiredFields" class="AcachaAdminLTELaravelTest" file="/home/cristian/Laravel/todosBackend/tests/AcachaAdminLTELaravelTest.php" line="101" assertions="5" time="0.391450"/>
      <testcase name="testRegisterPage" class="AcachaAdminLTELaravelTest" file="/home/cristian/Laravel/todosBackend/tests/AcachaAdminLTELaravelTest.php" line="116" assertions="2" time="0.310427"/>
      <testcase name="testPasswordResetPage" class="AcachaAdminLTELaravelTest" file="/home/cristian/Laravel/todosBackend/tests/AcachaAdminLTELaravelTest.php" line="127" assertions="2" time="0.300310"/>
      <testcase name="testHomePageForUnauthenticatedUsers" class="AcachaAdminLTELaravelTest" file="/home/cristian/Laravel/todosBackend/tests/AcachaAdminLTELaravelTest.php" line="138" assertions="4" time="0.335359"/>
      <testcase name="testHomePageForAuthenticatedUsers" class="AcachaAdminLTELaravelTest" file="/home/cristian/Laravel/todosBackend/tests/AcachaAdminLTELaravelTest.php" line="149" assertions="2" time="0.431226"/>
      <testcase name="testLogout" class="AcachaAdminLTELaravelTest" file="/home/cristian/Laravel/todosBackend/tests/AcachaAdminLTELaravelTest.php" line="163" assertions="6" time="0.564559"/>
      <testcase name="test404Page" class="AcachaAdminLTELaravelTest" file="/home/cristian/Laravel/todosBackend/tests/AcachaAdminLTELaravelTest.php" line="180" assertions="2" time="0.312053"/>
      <testcase name="testNewUserRegistration" class="AcachaAdminLTELaravelTest" file="/home/cristian/Laravel/todosBackend/tests/AcachaAdminLTELaravelTest.php" line="192" assertions="6" time="0.549629"/>
      <testcase name="testRequiredFieldsOnRegistrationPage" class="AcachaAdminLTELaravelTest" file="/home/cristian/Laravel/todosBackend/tests/AcachaAdminLTELaravelTest.php" line="211" assertions="6" time="0.389236"/>
      <testcase name="testSendPasswordReset" class="AcachaAdminLTELaravelTest" file="/home/cristian/Laravel/todosBackend/tests/AcachaAdminLTELaravelTest.php" line="225" assertions="4" time="0.572571"/>
      <testcase name="testSendPasswordResetUserNotExists" class="AcachaAdminLTELaravelTest" file="/home/cristian/Laravel/todosBackend/tests/AcachaAdminLTELaravelTest.php" line="240" assertions="4" time="0.378278"/>
    </testsuite>
    <testsuite name="TasksApiTest" file="/home/cristian/Laravel/todosBackend/tests/TasksApiTest.php" tests="13" assertions="0" failures="0" errors="8" time="3.608351">
      <testcase name="testRetrieveAllTasks" class="TasksApiTest" file="/home/cristian/Laravel/todosBackend/tests/TasksApiTest.php" line="95" assertions="0" time="0.307384">
        <error type="PHPUnit_Framework_ExceptionWrapper">TasksApiTest::testRetrieveAllTasks
Illuminate\Database\QueryException: SQLSTATE[23000]: Integrity constraint violation: 19 NOT NULL constraint failed: tasks.user_id (SQL: insert into "tasks" ("name", "done", "priority", "updated_at", "created_at") values (Quasi adipisci minima molestiae natus consequatur quisquam., 0, 9, 2016-11-29 16:56:35, 2016-11-29 16:56:35))

/home/cristian/Laravel/todosBackend/vendor/laravel/framework/src/Illuminate/Database/Connection.php:764
/home/cristian/Laravel/todosBackend/vendor/laravel/framework/src/Illuminate/Database/Connection.php:720
/home/cristian/Laravel/todosBackend/vendor/laravel/framework/src/Illuminate/Database/Connection.php:481
/home/cristian/Laravel/todosBackend/vendor/laravel/framework/src/Illuminate/Database/Connection.php:435
/home/cristian/Laravel/todosBackend/vendor/laravel/framework/src/Illuminate/Database/Query/Processors/Processor.php:32
/home/cristian/Laravel/todosBackend/vendor/laravel/framework/src/Illuminate/Database/Query/Builder.php:2142
/home/cristian/Laravel/todosBackend/vendor/laravel/framework/src/Illuminate/Database/Eloquent/Builder.php:1441
/home/cristian/Laravel/todosBackend/vendor/laravel/framework/src/Illuminate/Database/Eloquent/Model.php:1607
/home/cristian/Laravel/todosBackend/vendor/laravel/framework/src/Illuminate/Database/Eloquent/Model.php:1576
/home/cristian/Laravel/todosBackend/vendor/laravel/framework/src/Illuminate/Database/Eloquent/Model.php:1472
/home/cristian/Laravel/todosBackend/vendor/laravel/framework/src/Illuminate/Database/Eloquent/FactoryBuilder.php:119
/home/cristian/Laravel/todosBackend/tests/TasksApiTest.php:32
/home/cristian/Laravel/todosBackend/tests/TasksApiTest.php:100
/home/cristian/.config/composer/vendor/phpunit/phpunit/src/TextUI/Command.php:185
/home/cristian/.config/composer/vendor/phpunit/phpunit/src/TextUI/Command.php:115
</error>
      </testcase>
      <testcase name="testRetrieveOneTask" class="TasksApiTest" file="/home/cristian/Laravel/todosBackend/tests/TasksApiTest.php" line="121" assertions="0" time="0.286161">
        <error type="PHPUnit_Framework_ExceptionWrapper">TasksApiTest::testRetrieveOneTask
Illuminate\Database\QueryException: SQLSTATE[23000]: Integrity constraint violation: 19 NOT NULL constraint failed: tasks.user_id (SQL: insert into "tasks" ("name", "done", "priority", "updated_at", "created_at") values (Consequatur adipisci quia doloremque., 0, 8, 2016-11-29 16:56:35, 2016-11-29 16:56:35))

/home/cristian/Laravel/todosBackend/vendor/laravel/framework/src/Illuminate/Database/Connection.php:764
/home/cristian/Laravel/todosBackend/vendor/laravel/framework/src/Illuminate/Database/Connection.php:720
/home/cristian/Laravel/todosBackend/vendor/laravel/framework/src/Illuminate/Database/Connection.php:481
/home/cristian/Laravel/todosBackend/vendor/laravel/framework/src/Illuminate/Database/Connection.php:435
/home/cristian/Laravel/todosBackend/vendor/laravel/framework/src/Illuminate/Database/Query/Processors/Processor.php:32
/home/cristian/Laravel/todosBackend/vendor/laravel/framework/src/Illuminate/Database/Query/Builder.php:2142
/home/cristian/Laravel/todosBackend/vendor/laravel/framework/src/Illuminate/Database/Eloquent/Builder.php:1441
/home/cristian/Laravel/todosBackend/vendor/laravel/framework/src/Illuminate/Database/Eloquent/Model.php:1607
/home/cristian/Laravel/todosBackend/vendor/laravel/framework/src/Illuminate/Database/Eloquent/Model.php:1576
/home/cristian/Laravel/todosBackend/vendor/laravel/framework/src/Illuminate/Database/Eloquent/Model.php:1472
/home/cristian/Laravel/todosBackend/vendor/laravel/framework/src/Illuminate/Database/Eloquent/FactoryBuilder.php:116
/home/cristian/Laravel/todosBackend/tests/TasksApiTest.php:69
/home/cristian/Laravel/todosBackend/tests/TasksApiTest.php:124
/home/cristian/.config/composer/vendor/phpunit/phpunit/src/TextUI/Command.php:185
/home/cristian/.config/composer/vendor/phpunit/phpunit/src/TextUI/Command.php:115
</error>
      </testcase>
      <testcase name="testCreateNewTask" class="TasksApiTest" file="/home/cristian/Laravel/todosBackend/tests/TasksApiTest.php" line="144" assertions="0" time="0.347569">
        <error type="PHPUnit_Framework_ExceptionWrapper">TasksApiTest::testCreateNewTask
ErrorException: Invalid argument supplied for foreach()

/home/cristian/Laravel/todosBackend/vendor/laravel/framework/src/Illuminate/Support/Arr.php:480
/home/cristian/Laravel/todosBackend/vendor/laravel/framework/src/Illuminate/Foundation/Testing/Concerns/MakesHttpRequests.php:297
/home/cristian/Laravel/todosBackend/vendor/laravel/framework/src/Illuminate/Foundation/Testing/Concerns/MakesHttpRequests.php:323
/home/cristian/Laravel/todosBackend/tests/TasksApiTest.php:149
/home/cristian/.config/composer/vendor/phpunit/phpunit/src/TextUI/Command.php:185
/home/cristian/.config/composer/vendor/phpunit/phpunit/src/TextUI/Command.php:115
</error>
      </testcase>
      <testcase name="testUpdateExistingTask" class="TasksApiTest" file="/home/cristian/Laravel/todosBackend/tests/TasksApiTest.php" line="159" assertions="0" time="0.276745">
        <error type="PHPUnit_Framework_ExceptionWrapper">TasksApiTest::testUpdateExistingTask
Illuminate\Database\QueryException: SQLSTATE[23000]: Integrity constraint violation: 19 NOT NULL constraint failed: tasks.user_id (SQL: insert into "tasks" ("name", "done", "priority", "updated_at", "created_at") values (Eius voluptatem id itaque nihil., 1, 9, 2016-11-29 16:56:36, 2016-11-29 16:56:36))

/home/cristian/Laravel/todosBackend/vendor/laravel/framework/src/Illuminate/Database/Connection.php:764
/home/cristian/Laravel/todosBackend/vendor/laravel/framework/src/Illuminate/Database/Connection.php:720
/home/cristian/Laravel/todosBackend/vendor/laravel/framework/src/Illuminate/Database/Connection.php:481
/home/cristian/Laravel/todosBackend/vendor/laravel/framework/src/Illuminate/Database/Connection.php:435
/home/cristian/Laravel/todosBackend/vendor/laravel/framework/src/Illuminate/Database/Query/Processors/Processor.php:32
/home/cristian/Laravel/todosBackend/vendor/laravel/framework/src/Illuminate/Database/Query/Builder.php:2142
/home/cristian/Laravel/todosBackend/vendor/laravel/framework/src/Illuminate/Database/Eloquent/Builder.php:1441
/home/cristian/Laravel/todosBackend/vendor/laravel/framework/src/Illuminate/Database/Eloquent/Model.php:1607
/home/cristian/Laravel/todosBackend/vendor/laravel/framework/src/Illuminate/Database/Eloquent/Model.php:1576
/home/cristian/Laravel/todosBackend/vendor/laravel/framework/src/Illuminate/Database/Eloquent/Model.php:1472
/home/cristian/Laravel/todosBackend/vendor/laravel/framework/src/Illuminate/Database/Eloquent/FactoryBuilder.php:116
/home/cristian/Laravel/todosBackend/tests/TasksApiTest.php:69
/home/cristian/Laravel/todosBackend/tests/TasksApiTest.php:161
/home/cristian/.config/composer/vendor/phpunit/phpunit/src/TextUI/Command.php:185
/home/cristian/.config/composer/vendor/phpunit/phpunit/src/TextUI/Command.php:115
</error>
      </testcase>
      <testcase name="testDeleteExistingTask" class="TasksApiTest" file="/home/cristian/Laravel/todosBackend/tests/TasksApiTest.php" line="176" assertions="0" time="0.270735">
        <error type="PHPUnit_Framework_ExceptionWrapper">TasksApiTest::testDeleteExistingTask
Illuminate\Database\QueryException: SQLSTATE[23000]: Integrity constraint violation: 19 NOT NULL constraint failed: tasks.user_id (SQL: insert into "tasks" ("name", "done", "priority", "updated_at", "created_at") values (Aut dolorem repellendus non sunt iusto velit nisi., 1, 7, 2016-11-29 16:56:36, 2016-11-29 16:56:36))

/home/cristian/Laravel/todosBackend/vendor/laravel/framework/src/Illuminate/Database/Connection.php:764
/home/cristian/Laravel/todosBackend/vendor/laravel/framework/src/Illuminate/Database/Connection.php:720
/home/cristian/Laravel/todosBackend/vendor/laravel/framework/src/Illuminate/Database/Connection.php:481
/home/cristian/Laravel/todosBackend/vendor/laravel/framework/src/Illuminate/Database/Connection.php:435
/home/cristian/Laravel/todosBackend/vendor/laravel/framework/src/Illuminate/Database/Query/Processors/Processor.php:32
/home/cristian/Laravel/todosBackend/vendor/laravel/framework/src/Illuminate/Database/Query/Builder.php:2142
/home/cristian/Laravel/todosBackend/vendor/laravel/framework/src/Illuminate/Database/Eloquent/Builder.php:1441
/home/cristian/Laravel/todosBackend/vendor/laravel/framework/src/Illuminate/Database/Eloquent/Model.php:1607
/home/cristian/Laravel/todosBackend/vendor/laravel/framework/src/Illuminate/Database/Eloquent/Model.php:1576
/home/cristian/Laravel/todosBackend/vendor/laravel/framework/src/Illuminate/Database/Eloquent/Model.php:1472
/home/cristian/Laravel/todosBackend/vendor/laravel/framework/src/Illuminate/Database/Eloquent/FactoryBuilder.php:116
/home/cristian/Laravel/todosBackend/tests/TasksApiTest.php:69
/home/cristian/Laravel/todosBackend/tests/TasksApiTest.php:178
/home/cristian/.config/composer/vendor/phpunit/phpunit/src/TextUI/Command.php:185
/home/cristian/.config/composer/vendor/phpunit/phpunit/src/TextUI/Command.php:115
</error>
      </testcase>
      <testcase name="Warning" assertions="0" time="0.004203"/>
      <testcase name="testGetNotExistingTask" class="TasksApiTest" file="/home/cristian/Laravel/todosBackend/tests/TasksApiTest.php" line="205" assertions="0" time="0.326850">
        <error type="PHPUnit_Framework_ExceptionWrapper">TasksApiTest::testGetNotExistingTask
ErrorException: Invalid argument supplied for foreach()

/home/cristian/Laravel/todosBackend/vendor/laravel/framework/src/Illuminate/Support/Arr.php:480
/home/cristian/Laravel/todosBackend/vendor/laravel/framework/src/Illuminate/Foundation/Testing/Concerns/MakesHttpRequests.php:297
/home/cristian/Laravel/todosBackend/vendor/laravel/framework/src/Illuminate/Foundation/Testing/Concerns/MakesHttpRequests.php:323
/home/cristian/Laravel/todosBackend/tests/TasksApiTest.php:195
/home/cristian/Laravel/todosBackend/tests/TasksApiTest.php:207
/home/cristian/.config/composer/vendor/phpunit/phpunit/src/TextUI/Command.php:185
/home/cristian/.config/composer/vendor/phpunit/phpunit/src/TextUI/Command.php:115
</error>
      </testcase>
      <testcase name="testUpdateNotExistingTask" class="TasksApiTest" file="/home/cristian/Laravel/todosBackend/tests/TasksApiTest.php" line="215" assertions="0" time="0.331478">
        <error type="PHPUnit_Framework_ExceptionWrapper">TasksApiTest::testUpdateNotExistingTask
ErrorException: Invalid argument supplied for foreach()

/home/cristian/Laravel/todosBackend/vendor/laravel/framework/src/Illuminate/Support/Arr.php:480
/home/cristian/Laravel/todosBackend/vendor/laravel/framework/src/Illuminate/Foundation/Testing/Concerns/MakesHttpRequests.php:297
/home/cristian/Laravel/todosBackend/vendor/laravel/framework/src/Illuminate/Foundation/Testing/Concerns/MakesHttpRequests.php:323
/home/cristian/Laravel/todosBackend/tests/TasksApiTest.php:195
/home/cristian/Laravel/todosBackend/tests/TasksApiTest.php:217
/home/cristian/.config/composer/vendor/phpunit/phpunit/src/TextUI/Command.php:185
/home/cristian/.config/composer/vendor/phpunit/phpunit/src/TextUI/Command.php:115
</error>
      </testcase>
      <testcase name="testDeleteNotExistingTask" class="TasksApiTest" file="/home/cristian/Laravel/todosBackend/tests/TasksApiTest.php" line="225" assertions="0" time="0.328042">
        <error type="PHPUnit_Framework_ExceptionWrapper">TasksApiTest::testDeleteNotExistingTask
ErrorException: Invalid argument supplied for foreach()

/home/cristian/Laravel/todosBackend/vendor/laravel/framework/src/Illuminate/Support/Arr.php:480
/home/cristian/Laravel/todosBackend/vendor/laravel/framework/src/Illuminate/Foundation/Testing/Concerns/MakesHttpRequests.php:297
/home/cristian/Laravel/todosBackend/vendor/laravel/framework/src/Illuminate/Foundation/Testing/Concerns/MakesHttpRequests.php:323
/home/cristian/Laravel/todosBackend/tests/TasksApiTest.php:195
/home/cristian/Laravel/todosBackend/tests/TasksApiTest.php:227
/home/cristian/.config/composer/vendor/phpunit/phpunit/src/TextUI/Command.php:185
/home/cristian/.config/composer/vendor/phpunit/phpunit/src/TextUI/Command.php:115
</error>
      </testcase>
      <testcase name="testPagination" class="TasksApiTest" file="/home/cristian/Laravel/todosBackend/tests/TasksApiTest.php" line="235" assertions="0" time="0.285864"/>
      <testcase name="testNameIsRequiredAndDefaultValues" class="TasksApiTest" file="/home/cristian/Laravel/todosBackend/tests/TasksApiTest.php" line="247" assertions="0" time="0.297328"/>
      <testcase name="testPriorityHaveToBeAnInteger" class="TasksApiTest" file="/home/cristian/Laravel/todosBackend/tests/TasksApiTest.php" line="257" assertions="0" time="0.275846"/>
      <testcase name="testDoneHaveToBeBoolean" class="TasksApiTest" file="/home/cristian/Laravel/todosBackend/tests/TasksApiTest.php" line="267" assertions="0" time="0.270146"/>
    </testsuite>
    <testsuite name="UsersApiTest" file="/home/cristian/Laravel/todosBackend/tests/UsersApiTest.php" tests="12" assertions="6" failures="0" errors="3" time="3.950661">
      <testcase name="testRetrieveAllUsers" class="UsersApiTest" file="/home/cristian/Laravel/todosBackend/tests/UsersApiTest.php" line="67" assertions="0" time="0.448804">
        <error type="PHPUnit_Framework_Exception">UsersApiTest::testRetrieveAllUsers
PHPUnit_Framework_Exception: Argument #2 (No Value) of PHPUnit_Framework_Assert::assertArrayHasKey() must be a array or ArrayAccess

/home/cristian/Laravel/todosBackend/vendor/laravel/framework/src/Illuminate/Foundation/Testing/Concerns/MakesHttpRequests.php:370
/home/cristian/Laravel/todosBackend/tests/UsersApiTest.php:73
/home/cristian/.config/composer/vendor/phpunit/phpunit/src/TextUI/Command.php:185
/home/cristian/.config/composer/vendor/phpunit/phpunit/src/TextUI/Command.php:115
</error>
      </testcase>
      <testcase name="testRetrieveOneUser" class="UsersApiTest" file="/home/cristian/Laravel/todosBackend/tests/UsersApiTest.php" line="92" assertions="0" time="0.413057">
        <error type="PHPUnit_Framework_Exception">UsersApiTest::testRetrieveOneUser
PHPUnit_Framework_Exception: Argument #2 (No Value) of PHPUnit_Framework_Assert::assertArrayHasKey() must be a array or ArrayAccess

/home/cristian/Laravel/todosBackend/vendor/laravel/framework/src/Illuminate/Foundation/Testing/Concerns/MakesHttpRequests.php:370
/home/cristian/Laravel/todosBackend/tests/UsersApiTest.php:98
/home/cristian/.config/composer/vendor/phpunit/phpunit/src/TextUI/Command.php:185
/home/cristian/.config/composer/vendor/phpunit/phpunit/src/TextUI/Command.php:115
</error>
      </testcase>
      <testcase name="testCreateNewUser" class="UsersApiTest" file="/home/cristian/Laravel/todosBackend/tests/UsersApiTest.php" line="113" assertions="0" time="0.423390">
        <error type="PHPUnit_Framework_ExceptionWrapper">UsersApiTest::testCreateNewUser
ErrorException: Invalid argument supplied for foreach()

/home/cristian/Laravel/todosBackend/vendor/laravel/framework/src/Illuminate/Support/Arr.php:480
/home/cristian/Laravel/todosBackend/vendor/laravel/framework/src/Illuminate/Foundation/Testing/Concerns/MakesHttpRequests.php:297
/home/cristian/Laravel/todosBackend/vendor/laravel/framework/src/Illuminate/Foundation/Testing/Concerns/MakesHttpRequests.php:323
/home/cristian/Laravel/todosBackend/tests/UsersApiTest.php:119
/home/cristian/.config/composer/vendor/phpunit/phpunit/src/TextUI/Command.php:185
/home/cristian/.config/composer/vendor/phpunit/phpunit/src/TextUI/Command.php:115
</error>
      </testcase>
      <testcase name="testUpdateExistingUser" class="UsersApiTest" file="/home/cristian/Laravel/todosBackend/tests/UsersApiTest.php" line="130" assertions="3" time="0.385708"/>
      <testcase name="testDeleteExistingUser" class="UsersApiTest" file="/home/cristian/Laravel/todosBackend/tests/UsersApiTest.php" line="147" assertions="3" time="0.382254"/>
      <testcase name="testGetNotExistingUser" class="UsersApiTest" file="/home/cristian/Laravel/todosBackend/tests/UsersApiTest.php" line="176" assertions="0" time="0.264876"/>
      <testcase name="testUpdateNotExistingUser" class="UsersApiTest" file="/home/cristian/Laravel/todosBackend/tests/UsersApiTest.php" line="187" assertions="0" time="0.288460"/>
      <testcase name="testDeleteNotExistingUser" class="UsersApiTest" file="/home/cristian/Laravel/todosBackend/tests/UsersApiTest.php" line="198" assertions="0" time="0.275936"/>
      <testcase name="testPagination" class="UsersApiTest" file="/home/cristian/Laravel/todosBackend/tests/UsersApiTest.php" line="207" assertions="0" time="0.283992"/>
      <testcase name="testNameIsRequiredAndDefaultValues" class="UsersApiTest" file="/home/cristian/Laravel/todosBackend/tests/UsersApiTest.php" line="217" assertions="0" time="0.266106"/>
      <testcase name="testPriorityHasToBeAnInteger" class="UsersApiTest" file="/home/cristian/Laravel/todosBackend/tests/UsersApiTest.php" line="226" assertions="0" time="0.257979"/>
      <testcase name="testDoneHasToBeBoolean" class="UsersApiTest" file="/home/cristian/Laravel/todosBackend/tests/UsersApiTest.php" line="239" assertions="0" time="0.260099"/>
    </testsuite>
  </testsuite>
</testsuites>
